\BOOKMARK [2][-]{section*.4}{\376\377\000A\000b\000s\000t\000r\000a\000c\000t\000\040\000E\000m\000b\000e\000d\000d\000i\000n\000g\000\040\000S\000p\000a\000c\000e\000s}{}% 1
\BOOKMARK [2][-]{section*.5}{\376\377\000D\000i\000s\000t\000a\000n\000c\000e\000\040\000a\000n\000d\000\040\000S\000i\000m\000i\000l\000a\000r\000i\000t\000y}{}% 2
\BOOKMARK [3][-]{section*.6}{\376\377\000E\000u\000c\000l\000i\000d\000e\000a\000n\000\040\000D\000i\000s\000t\000a\000n\000c\000e}{section*.5}% 3
\BOOKMARK [3][-]{section*.7}{\376\377\000C\000o\000s\000i\000n\000e\000\040\000S\000i\000m\000i\000l\000a\000r\000i\000t\000y}{section*.5}% 4
\BOOKMARK [2][-]{section*.11}{\376\377\000T\000h\000e\000\040\000D\000i\000s\000t\000r\000i\000b\000u\000t\000i\000o\000n\000a\000l\000\040\000H\000y\000p\000o\000t\000h\000e\000s\000i\000s}{}% 5
\BOOKMARK [2][-]{section*.13}{\376\377\000W\000o\000r\000d\000\040\000E\000m\000b\000e\000d\000d\000i\000n\000g\000s\000:\000\040\000w\000o\000r\000d\0002\000v\000e\000c\000,\000\040\000G\000l\000o\000V\000e\000,\000\040\000a\000n\000d\000\040\000F\000a\000s\000t\000T\000e\000x\000t}{}% 6
\BOOKMARK [3][-]{section*.17}{\376\377\000G\000l\000o\000V\000e}{section*.13}% 7
\BOOKMARK [3][-]{section*.19}{\376\377\000F\000a\000s\000t\000T\000e\000x\000t}{section*.13}% 8
\BOOKMARK [3][-]{section*.21}{\376\377\000I\000n\000t\000e\000r\000p\000r\000e\000t\000i\000n\000g\000\040\000A\000d\000v\000a\000n\000c\000e\000d\000\040\000W\000o\000r\000d\000\040\000E\000m\000b\000e\000d\000d\000i\000n\000g\000s}{section*.13}% 9
\BOOKMARK [2][-]{section*.23}{\376\377\000C\000o\000n\000t\000e\000x\000t\000u\000a\000l\000i\000z\000a\000t\000i\000o\000n\000\040\000W\000i\000t\000h\000\040\000L\000a\000r\000g\000e\000\040\000L\000a\000n\000g\000u\000a\000g\000e\000\040\000M\000o\000d\000e\000l\000s}{}% 10
\BOOKMARK [3][-]{section*.24}{\376\377\000H\000u\000g\000g\000i\000n\000g\000\040\000F\000a\000c\000e\000\040\000a\000n\000d\000\040\000t\000h\000e\000\040\000t\000e\000x\000t\000\040\000P\000a\000c\000k\000a\000g\000e}{section*.23}% 11
\BOOKMARK [3][-]{section*.25}{\376\377\000M\000a\000n\000a\000g\000i\000n\000g\000\040\000C\000o\000m\000p\000u\000t\000a\000t\000i\000o\000n\000a\000l\000\040\000L\000o\000a\000d}{section*.23}% 12
\BOOKMARK [3][-]{section*.26}{\376\377\000C\000h\000o\000o\000s\000i\000n\000g\000\040\000t\000h\000e\000\040\000R\000i\000g\000h\000t\000\040\000M\000o\000d\000e\000l}{section*.23}% 13
\BOOKMARK [2][-]{section*.28}{\376\377\000R\000e\000p\000r\000e\000s\000e\000n\000t\000i\000n\000g\000\040\000P\000s\000y\000c\000h\000o\000l\000o\000g\000i\000c\000a\000l\000\040\000C\000o\000n\000s\000t\000r\000u\000c\000t\000s}{}% 14
\BOOKMARK [3][-]{section*.29}{\376\377\000D\000i\000s\000t\000r\000i\000b\000u\000t\000e\000d\000\040\000D\000i\000c\000t\000i\000o\000n\000a\000r\000y\000\040\000R\000e\000p\000r\000e\000s\000e\000n\000t\000a\000t\000i\000o\000n\000\040\000\050\000D\000D\000R\000\051}{section*.28}% 15
\BOOKMARK [3][-]{section*.31}{\376\377\000C\000o\000n\000t\000e\000x\000t\000u\000a\000l\000i\000z\000e\000d\000\040\000C\000o\000n\000s\000t\000r\000u\000c\000t\000\040\000R\000e\000p\000r\000e\000s\000e\000n\000t\000a\000t\000i\000o\000n\000\040\000\050\000C\000C\000R\000\051}{section*.28}% 16
\BOOKMARK [2][-]{section*.33}{\376\377\000R\000e\000a\000s\000o\000n\000i\000n\000g\000\040\000i\000n\000\040\000V\000e\000c\000t\000o\000r\000\040\000S\000p\000a\000c\000e\000:\000\040\000A\000d\000d\000i\000t\000i\000v\000e\000\040\000A\000n\000a\000l\000o\000g\000i\000e\000s\000\040\000a\000n\000d\000\040\000A\000n\000c\000h\000o\000r\000e\000d\000\040\000V\000e\000c\000t\000o\000r\000s}{}% 17
\BOOKMARK [3][-]{section*.37}{\376\377\000C\000o\000r\000r\000e\000l\000a\000t\000i\000o\000n\000a\000l\000\040\000A\000n\000c\000h\000o\000r\000e\000d\000\040\000V\000e\000c\000t\000o\000r\000s\000\040\000\050\000C\000A\000V\000\051}{section*.33}% 18
\BOOKMARK [3][-]{section*.39}{\376\377\000O\000t\000h\000e\000r\000\040\000M\000a\000c\000h\000i\000n\000e\000\040\000L\000e\000a\000r\000n\000i\000n\000g\000\040\000M\000e\000t\000h\000o\000d\000s}{section*.33}% 19
\BOOKMARK [1][-]{section*.40}{\376\377\000C\000o\000n\000c\000l\000u\000s\000i\000o\000n}{}% 20
\BOOKMARK [1][-]{section*.41}{\376\377\000R\000e\000f\000e\000r\000e\000n\000c\000e\000s}{}% 21
\BOOKMARK [1][-]{appendix.1}{\376\377\000D\000D\000R\000\040\000M\000e\000t\000r\000i\000c\000s}{}% 22
\BOOKMARK [2][-]{section*.43}{\376\377\000B\000e\000n\000c\000h\000m\000a\000r\000k\000\040\0001\000:\000\040\000N\000e\000g\000a\000t\000i\000v\000e\000\040\000S\000e\000n\000t\000i\000m\000e\000n\000t\000\040\000i\000n\000\040\000M\000o\000v\000i\000e\000\040\000R\000e\000v\000i\000e\000w\000s}{appendix.1}% 23
\BOOKMARK [2][-]{section*.48}{\376\377\000B\000e\000n\000c\000h\000m\000a\000r\000k\000\040\0002\000:\000\040\000M\000o\000r\000a\000l\000\040\000F\000o\000u\000n\000d\000a\000t\000i\000o\000n\000s\000\040\000i\000n\000\040\000R\000e\000d\000d\000i\000t\000\040\000C\000o\000m\000m\000e\000n\000t\000s}{appendix.1}% 24
\BOOKMARK [2][-]{section*.50}{\376\377\000C\000o\000n\000c\000l\000u\000s\000i\000o\000n\000s}{appendix.1}% 25
\BOOKMARK [1][-]{appendix.2}{\376\377\000C\000C\000R\000\040\000M\000e\000t\000r\000i\000c\000s}{}% 26
\BOOKMARK [2][-]{section*.51}{\376\377\000B\000e\000n\000c\000h\000m\000a\000r\000k\000\040\0001\000:\000\040\000P\000r\000o\000m\000p\000t\000e\000d\000\040\000E\000s\000s\000a\000y\000s}{appendix.2}% 27
\BOOKMARK [3][-]{section*.52}{\376\377\000R\000e\000s\000u\000l\000t\000s\000:\000\040\000V\000a\000l\000u\000e\000s\000\040\000E\000s\000s\000a\000y}{section*.51}% 28
\BOOKMARK [3][-]{section*.55}{\376\377\000R\000e\000s\000u\000l\000t\000s\000:\000\040\000B\000e\000h\000a\000v\000i\000o\000r\000s\000\040\000E\000s\000s\000a\000y}{section*.51}% 29
\BOOKMARK [2][-]{section*.58}{\376\377\000C\000o\000n\000c\000l\000u\000s\000i\000o\000n\000s}{appendix.2}% 30
